Start testing: Jun 13 00:20 +03
----------------------------------------------------------
1/8 Testing: CreateReadTest
1/8 Test: CreateReadTest
Command: "/mnt/c/Users/ensar/CLionProjects/BigInt/cmake-build-debug/tests/test1"
Directory: /mnt/c/Users/ensar/CLionProjects/BigInt/cmake-build-debug/tests
"CreateReadTest" start time: Jun 13 00:20 +03
Output:
----------------------------------------------------------
<end of output>
Test time =   0.01 sec
----------------------------------------------------------
Test Passed.
"CreateReadTest" end time: Jun 13 00:20 +03
"CreateReadTest" time elapsed: 00:00:00
----------------------------------------------------------

2/8 Testing: CreateReadTestNegative
2/8 Test: CreateReadTestNegative
Command: "/mnt/c/Users/ensar/CLionProjects/BigInt/cmake-build-debug/tests/test2"
Directory: /mnt/c/Users/ensar/CLionProjects/BigInt/cmake-build-debug/tests
"CreateReadTestNegative" start time: Jun 13 00:20 +03
Output:
----------------------------------------------------------
<end of output>
Test time =   0.00 sec
----------------------------------------------------------
Test Passed.
"CreateReadTestNegative" end time: Jun 13 00:20 +03
"CreateReadTestNegative" time elapsed: 00:00:00
----------------------------------------------------------

3/8 Testing: ZeroSkipCheck
3/8 Test: ZeroSkipCheck
Command: "/mnt/c/Users/ensar/CLionProjects/BigInt/cmake-build-debug/tests/test3"
Directory: /mnt/c/Users/ensar/CLionProjects/BigInt/cmake-build-debug/tests
"ZeroSkipCheck" start time: Jun 13 00:20 +03
Output:
----------------------------------------------------------
<end of output>
Test time =   0.01 sec
----------------------------------------------------------
Test Passed.
"ZeroSkipCheck" end time: Jun 13 00:20 +03
"ZeroSkipCheck" time elapsed: 00:00:00
----------------------------------------------------------

4/8 Testing: CompareTest1
4/8 Test: CompareTest1
Command: "/mnt/c/Users/ensar/CLionProjects/BigInt/cmake-build-debug/tests/test4"
Directory: /mnt/c/Users/ensar/CLionProjects/BigInt/cmake-build-debug/tests
"CompareTest1" start time: Jun 13 00:20 +03
Output:
----------------------------------------------------------
<end of output>
Test time =   0.01 sec
----------------------------------------------------------
Test Passed.
"CompareTest1" end time: Jun 13 00:20 +03
"CompareTest1" time elapsed: 00:00:00
----------------------------------------------------------

5/8 Testing: CompareTest2
5/8 Test: CompareTest2
Command: "/mnt/c/Users/ensar/CLionProjects/BigInt/cmake-build-debug/tests/test5"
Directory: /mnt/c/Users/ensar/CLionProjects/BigInt/cmake-build-debug/tests
"CompareTest2" start time: Jun 13 00:20 +03
Output:
----------------------------------------------------------
<end of output>
Test time =   0.00 sec
----------------------------------------------------------
Test Passed.
"CompareTest2" end time: Jun 13 00:20 +03
"CompareTest2" time elapsed: 00:00:00
----------------------------------------------------------

6/8 Testing: CompareTest3
6/8 Test: CompareTest3
Command: "/mnt/c/Users/ensar/CLionProjects/BigInt/cmake-build-debug/tests/test6"
Directory: /mnt/c/Users/ensar/CLionProjects/BigInt/cmake-build-debug/tests
"CompareTest3" start time: Jun 13 00:20 +03
Output:
----------------------------------------------------------
<end of output>
Test time =   0.00 sec
----------------------------------------------------------
Test Passed.
"CompareTest3" end time: Jun 13 00:20 +03
"CompareTest3" time elapsed: 00:00:00
----------------------------------------------------------

7/8 Testing: CompareTest4
7/8 Test: CompareTest4
Command: "/mnt/c/Users/ensar/CLionProjects/BigInt/cmake-build-debug/tests/test7"
Directory: /mnt/c/Users/ensar/CLionProjects/BigInt/cmake-build-debug/tests
"CompareTest4" start time: Jun 13 00:20 +03
Output:
----------------------------------------------------------
<end of output>
Test time =   0.00 sec
----------------------------------------------------------
Test Passed.
"CompareTest4" end time: Jun 13 00:20 +03
"CompareTest4" time elapsed: 00:00:00
----------------------------------------------------------

8/8 Testing: CreateZeroTest
8/8 Test: CreateZeroTest
Command: "/mnt/c/Users/ensar/CLionProjects/BigInt/cmake-build-debug/tests/test8"
Directory: /mnt/c/Users/ensar/CLionProjects/BigInt/cmake-build-debug/tests
"CreateZeroTest" start time: Jun 13 00:20 +03
Output:
----------------------------------------------------------
<end of output>
Test time =   0.00 sec
----------------------------------------------------------
Test Passed.
"CreateZeroTest" end time: Jun 13 00:20 +03
"CreateZeroTest" time elapsed: 00:00:00
----------------------------------------------------------

End testing: Jun 13 00:20 +03
